<?xml version="1.0" encoding="UTF-8"?>
<testng-results ignored="0" total="1" passed="1" failed="0" skipped="0">
  <reporter-output>
  </reporter-output>
  <suite started-at="2023-12-31T12:15:52 IST" name="Default suite" finished-at="2023-12-31T12:16:09 IST" duration-ms="16555">
    <groups>
    </groups>
    <test started-at="2023-12-31T12:15:52 IST" name="Default test" finished-at="2023-12-31T12:16:09 IST" duration-ms="16555">
      <class name="testcase.CreateLeadFunctionality">
        <test-method is-config="true" signature="preCondition()[pri:0, instance:testcase.CreateLeadFunctionality@37d4349f]" started-at="2023-12-31T12:15:52 IST" name="preCondition" finished-at="2023-12-31T12:16:05 IST" duration-ms="13282" status="PASS">
          <reporter-output>
          </reporter-output>
        </test-method> <!-- preCondition -->
        <test-method signature="runLogin()[pri:0, instance:testcase.CreateLeadFunctionality@37d4349f]" started-at="2023-12-31T12:16:05 IST" name="runLogin" finished-at="2023-12-31T12:16:08 IST" duration-ms="2512" status="PASS">
          <reporter-output>
          </reporter-output>
        </test-method> <!-- runLogin -->
        <test-method is-config="true" signature="postCondition()[pri:0, instance:testcase.CreateLeadFunctionality@37d4349f]" started-at="2023-12-31T12:16:08 IST" name="postCondition" finished-at="2023-12-31T12:16:09 IST" duration-ms="668" status="PASS">
          <reporter-output>
          </reporter-output>
        </test-method> <!-- postCondition -->
      </class> <!-- testcase.CreateLeadFunctionality -->
    </test> <!-- Default test -->
  </suite> <!-- Default suite -->
</testng-results>
